<?xml version="1.0" encoding="UTF-8"?>
<testsuites>
  <testsuite name="" tests="5" assertions="5" failures="0" errors="0" time="3.444707">
    <testsuite name="Project Test Suite" tests="1" assertions="1" failures="0" errors="0" time="1.814037">
      <testsuite name="Cordova\Bundle\PhpSpecBundle\Tests\Controller\DefaultControllerTest" file="/home/cordoval/sites-2/FormModelProjectBundle/src/Cordova/Bundle/PhpSpecBundle/Tests/Controller/DefaultControllerTest.php" namespace="Cordova\Bundle\PhpSpecBundle\Tests\Controller" fullPackage="Cordova.Bundle.PhpSpecBundle.Tests.Controller" tests="1" assertions="1" failures="0" errors="0" time="1.814037">
        <testcase name="testIndex" class="Cordova\Bundle\PhpSpecBundle\Tests\Controller\DefaultControllerTest" file="/home/cordoval/sites-2/FormModelProjectBundle/src/Cordova/Bundle/PhpSpecBundle/Tests/Controller/DefaultControllerTest.php" line="9" assertions="1" time="1.814037"/>
      </testsuite>
    </testsuite>
    <testsuite name="FormModelProjectBundle" tests="4" assertions="4" failures="0" errors="0" time="1.630670">
      <testsuite name="Cordova\Bundle\FormModelBundle\Tests\Command\LsCommandTest" file="/home/cordoval/sites-2/FormModelProjectBundle/vendor/bundles/Cordova/Bundle/FormModelBundle/Tests/Command/LsCommandTest.php" namespace="Cordova\Bundle\FormModelBundle\Tests\Command" fullPackage="Cordova.Bundle.FormModelBundle.Tests.Command" tests="2" assertions="2" failures="0" errors="0" time="0.013938">
        <testcase name="shouldParseWithCordovaColonLs" class="Cordova\Bundle\FormModelBundle\Tests\Command\LsCommandTest" file="/home/cordoval/sites-2/FormModelProjectBundle/vendor/bundles/Cordova/Bundle/FormModelBundle/Tests/Command/LsCommandTest.php" line="28" assertions="1" time="0.010820"/>
        <testcase name="shouldHaveDescriptionAs" class="Cordova\Bundle\FormModelBundle\Tests\Command\LsCommandTest" file="/home/cordoval/sites-2/FormModelProjectBundle/vendor/bundles/Cordova/Bundle/FormModelBundle/Tests/Command/LsCommandTest.php" line="35" assertions="1" time="0.003118"/>
      </testsuite>
      <testsuite name="Cordova\Bundle\FormModelBundle\Tests\Controller\DefaultControllerTest" file="/home/cordoval/sites-2/FormModelProjectBundle/vendor/bundles/Cordova/Bundle/FormModelBundle/Tests/Controller/DefaultControllerTest.php" namespace="Cordova\Bundle\FormModelBundle\Tests\Controller" fullPackage="Cordova.Bundle.FormModelBundle.Tests.Controller" tests="1" assertions="1" failures="0" errors="0" time="1.614565">
        <testcase name="testIndex" class="Cordova\Bundle\FormModelBundle\Tests\Controller\DefaultControllerTest" file="/home/cordoval/sites-2/FormModelProjectBundle/vendor/bundles/Cordova/Bundle/FormModelBundle/Tests/Controller/DefaultControllerTest.php" line="9" assertions="1" time="1.614565"/>
      </testsuite>
      <testsuite name="Cordova\Bundle\FormModelBundle\Tests\Calculator\CalculatorTest" file="/home/cordoval/sites-2/FormModelProjectBundle/vendor/bundles/Cordova/Bundle/FormModelBundle/Tests/Calculator/CalculatorTest.php" namespace="Cordova\Bundle\FormModelBundle\Tests\Calculator" fullPackage="Cordova.Bundle.FormModelBundle.Tests.Calculator" tests="1" assertions="1" failures="0" errors="0" time="0.002167">
        <testcase name="shouldAllowForNumbersToBePushed" class="Cordova\Bundle\FormModelBundle\Tests\Calculator\CalculatorTest" file="/home/cordoval/sites-2/FormModelProjectBundle/vendor/bundles/Cordova/Bundle/FormModelBundle/Tests/Calculator/CalculatorTest.php" line="19" assertions="1" time="0.002167"/>
      </testsuite>
    </testsuite>
  </testsuite>
</testsuites>
